{"type":"server-started","port":56075,"host":"127.0.0.1","url_host":"localhost","url":"http://localhost:56075","screen_dir":"/Users/fengkecheng/Desktop/Agents/实用工具开发/list/.superpowers/brainstorm/45350-1779948512/content","state_dir":"/Users/fengkecheng/Desktop/Agents/实用工具开发/list/.superpowers/brainstorm/45350-1779948512/state"}
{"type":"screen-added","file":"/Users/fengkecheng/Desktop/Agents/实用工具开发/list/.superpowers/brainstorm/45350-1779948512/content/layout-direction.html"}
{"type":"screen-updated","file":"/Users/fengkecheng/Desktop/Agents/实用工具开发/list/.superpowers/brainstorm/45350-1779948512/content/layout-direction.html"}
{"type":"screen-updated","file":"/Users/fengkecheng/Desktop/Agents/实用工具开发/list/.superpowers/brainstorm/45350-1779948512/content/layout-direction.html"}
{"type":"screen-updated","file":"/Users/fengkecheng/Desktop/Agents/实用工具开发/list/.superpowers/brainstorm/45350-1779948512/content/layout-direction.html"}
{"source":"user-event","type":"click","text":"MP\n          📅\n          📝\n          📊\n          🤖\n        \n        \n          \n          \n            日历\n            2026年 5月\n            \n              {{['一','二','三','四','五','六','日'][i-1]}}\n              {{i}}\n            \n          \n        \n      \n    \n    \n      B. 极简侧边栏 + Apple 内容区\n      保留极窄图标侧边栏(72px)作导航，内容区完全采用 Apple token 设计。兼顾桌面应用习惯和 Apple 美学。","choice":"hybrid","id":null,"timestamp":1779948577078}
{"type":"screen-added","file":"/Users/fengkecheng/Desktop/Agents/实用工具开发/list/.superpowers/brainstorm/45350-1779948512/content/component-visuals.html"}
{"type":"screen-updated","file":"/Users/fengkecheng/Desktop/Agents/实用工具开发/list/.superpowers/brainstorm/45350-1779948512/content/component-visuals.html"}
{"type":"screen-updated","file":"/Users/fengkecheng/Desktop/Agents/实用工具开发/list/.superpowers/brainstorm/45350-1779948512/content/component-visuals.html"}
{"type":"screen-updated","file":"/Users/fengkecheng/Desktop/Agents/实用工具开发/list/.superpowers/brainstorm/45350-1779948512/content/component-visuals.html"}
{"type":"screen-added","file":"/Users/fengkecheng/Desktop/Agents/实用工具开发/list/.superpowers/brainstorm/45350-1779948512/content/design-overview.html"}
{"type":"screen-updated","file":"/Users/fengkecheng/Desktop/Agents/实用工具开发/list/.superpowers/brainstorm/45350-1779948512/content/design-overview.html"}
{"type":"screen-updated","file":"/Users/fengkecheng/Desktop/Agents/实用工具开发/list/.superpowers/brainstorm/45350-1779948512/content/design-overview.html"}
{"type":"screen-updated","file":"/Users/fengkecheng/Desktop/Agents/实用工具开发/list/.superpowers/brainstorm/45350-1779948512/content/design-overview.html"}
{"type":"screen-added","file":"/Users/fengkecheng/Desktop/Agents/实用工具开发/list/.superpowers/brainstorm/45350-1779948512/content/tokens.html"}
{"type":"screen-updated","file":"/Users/fengkecheng/Desktop/Agents/实用工具开发/list/.superpowers/brainstorm/45350-1779948512/content/tokens.html"}
{"type":"screen-updated","file":"/Users/fengkecheng/Desktop/Agents/实用工具开发/list/.superpowers/brainstorm/45350-1779948512/content/tokens.html"}
{"type":"screen-updated","file":"/Users/fengkecheng/Desktop/Agents/实用工具开发/list/.superpowers/brainstorm/45350-1779948512/content/tokens.html"}
{"type":"screen-added","file":"/Users/fengkecheng/Desktop/Agents/实用工具开发/list/.superpowers/brainstorm/45350-1779948512/content/naive-theme.html"}
{"type":"screen-updated","file":"/Users/fengkecheng/Desktop/Agents/实用工具开发/list/.superpowers/brainstorm/45350-1779948512/content/naive-theme.html"}
{"type":"screen-updated","file":"/Users/fengkecheng/Desktop/Agents/实用工具开发/list/.superpowers/brainstorm/45350-1779948512/content/naive-theme.html"}
{"type":"screen-added","file":"/Users/fengkecheng/Desktop/Agents/实用工具开发/list/.superpowers/brainstorm/45350-1779948512/content/views.html"}
{"type":"screen-updated","file":"/Users/fengkecheng/Desktop/Agents/实用工具开发/list/.superpowers/brainstorm/45350-1779948512/content/views.html"}
{"type":"screen-updated","file":"/Users/fengkecheng/Desktop/Agents/实用工具开发/list/.superpowers/brainstorm/45350-1779948512/content/views.html"}
{"type":"screen-updated","file":"/Users/fengkecheng/Desktop/Agents/实用工具开发/list/.superpowers/brainstorm/45350-1779948512/content/views.html"}
{"type":"screen-added","file":"/Users/fengkecheng/Desktop/Agents/实用工具开发/list/.superpowers/brainstorm/45350-1779948512/content/dialogs.html"}
{"type":"screen-updated","file":"/Users/fengkecheng/Desktop/Agents/实用工具开发/list/.superpowers/brainstorm/45350-1779948512/content/dialogs.html"}
{"type":"screen-updated","file":"/Users/fengkecheng/Desktop/Agents/实用工具开发/list/.superpowers/brainstorm/45350-1779948512/content/dialogs.html"}
{"type":"screen-updated","file":"/Users/fengkecheng/Desktop/Agents/实用工具开发/list/.superpowers/brainstorm/45350-1779948512/content/dialogs.html"}
{"type":"server-stopped","reason":"idle timeout"}
